<?xml version="1.0" encoding="UTF-8"?>
<testng-results skipped="0" failed="0" total="1" passed="1">
  <reporter-output>
  </reporter-output>
  <suite name="Default suite" duration-ms="161" started-at="2016-11-18T02:53:06Z" finished-at="2016-11-18T02:53:07Z">
    <groups>
    </groups>
    <test name="Default test" duration-ms="161" started-at="2016-11-18T02:53:06Z" finished-at="2016-11-18T02:53:07Z">
      <class name="com.annotations.TestForAnnotations">
        <test-method status="PASS" signature="TestCase()[pri:0, instance:com.annotations.TestForAnnotations@b68e546]" name="TestCase" duration-ms="83" started-at="2016-11-18T08:23:06Z" finished-at="2016-11-18T08:23:07Z">
          <reporter-output>
          </reporter-output>
        </test-method> <!-- TestCase -->
      </class> <!-- com.annotations.TestForAnnotations -->
    </test> <!-- Default test -->
  </suite> <!-- Default suite -->
</testng-results>
